<?xml version="1.0" encoding="UTF-8"?>
<!-- Generated by org.testng.reporters.JUnitReportReporter -->
<testsuite hostname="LIN41005976" failures="0" tests="1" name="SeleniumCodeImpSnippets.AccessDataExcel" time="0.591" errors="0" timestamp="2022-05-16T21:42:39 IST" skipped="0">
  <testcase classname="SeleniumCodeImpSnippets.AccessDataExcel" name="readExcel" time="0.591"/>
  <system-out/>
</testsuite> <!-- SeleniumCodeImpSnippets.AccessDataExcel -->
